-- west build: generating a build system
CMake Warning:
  Ignoring extra path from command line:

   "DTS_OPT=-DDTC_OVERLAY_FILE=raytac_mdbt53v_db_40_nrf5340_cpuapp.overlay"


Loading Zephyr default modules (Zephyr base).
-- Application: /Users/makmorit/GitHub/SquareDevices/nRF5340FW/peripheral_uart
-- CMake version: 3.28.3
-- Found Python3: /Users/makmorit/opt/ncs_2.6.1/bin/python (found suitable version "3.8.16", minimum required is "3.8") found components: Interpreter 
-- Cache files will be written to: /Users/makmorit/Library/Caches/zephyr
-- Zephyr version: 3.5.99 (/Users/makmorit/opt/ncs_2.6.1/zephyr)
-- Found west (found suitable version "1.2.0", minimum required is "0.14.0")
-- Board: raytac_mdbt53v_db_40_nrf5340_cpuapp
-- Found host-tools: zephyr 0.16.5 (/Users/makmorit/opt/zephyr-sdk-0.16.5)
-- Found toolchain: zephyr 0.16.5 (/Users/makmorit/opt/zephyr-sdk-0.16.5)
-- Found Dtc: /usr/local/bin/dtc (found suitable version "1.7.0", minimum required is "1.4.6") 
-- Found BOARD.dts: /Users/makmorit/opt/ncs_2.6.1/zephyr/boards/arm/raytac_mdbt53v_db_40_nrf5340/raytac_mdbt53v_db_40_nrf5340_cpuapp.dts
-- Found devicetree overlay: /Users/makmorit/GitHub/SquareDevices/nRF5340FW/peripheral_uart/raytac_mdbt53v_db_40_nrf5340_cpuapp.overlay
-- Generated zephyr.dts: /Users/makmorit/GitHub/SquareDevices/nRF5340FW/peripheral_uart/build_signed/zephyr/zephyr.dts
-- Generated devicetree_generated.h: /Users/makmorit/GitHub/SquareDevices/nRF5340FW/peripheral_uart/build_signed/zephyr/include/generated/devicetree_generated.h
-- Including generated dts.cmake file: /Users/makmorit/GitHub/SquareDevices/nRF5340FW/peripheral_uart/build_signed/zephyr/dts.cmake
Parsing /Users/makmorit/GitHub/SquareDevices/nRF5340FW/peripheral_uart/Kconfig
Loaded configuration '/Users/makmorit/opt/ncs_2.6.1/zephyr/boards/arm/raytac_mdbt53v_db_40_nrf5340/raytac_mdbt53v_db_40_nrf5340_cpuapp_defconfig'
Merged configuration '/Users/makmorit/GitHub/SquareDevices/nRF5340FW/peripheral_uart/prj.conf'
Configuration saved to '/Users/makmorit/GitHub/SquareDevices/nRF5340FW/peripheral_uart/build_signed/zephyr/.config'
Kconfig header saved to '/Users/makmorit/GitHub/SquareDevices/nRF5340FW/peripheral_uart/build_signed/zephyr/include/generated/autoconf.h'
-- Found GnuLd: /Users/makmorit/opt/zephyr-sdk-0.16.5/arm-zephyr-eabi/bin/../lib/gcc/arm-zephyr-eabi/12.2.0/../../../../arm-zephyr-eabi/bin/ld.bfd (found version "2.38") 
-- The C compiler identification is GNU 12.2.0
-- The CXX compiler identification is GNU 12.2.0
-- The ASM compiler identification is GNU
-- Found assembler: /Users/makmorit/opt/zephyr-sdk-0.16.5/arm-zephyr-eabi/bin/arm-zephyr-eabi-gcc

=== child image hci_ipc - CPUNET begin ===
loading initial cache file /Users/makmorit/GitHub/SquareDevices/nRF5340FW/peripheral_uart/build_signed/hci_ipc/child_image_preload.cmake
Loading Zephyr default modules (Zephyr base).
-- Application: /Users/makmorit/opt/ncs_2.6.1/zephyr/samples/bluetooth/hci_ipc
-- CMake version: 3.28.3
-- Found Python3: /Users/makmorit/opt/ncs_2.6.1/bin/python (found suitable version "3.8.16", minimum required is "3.8") found components: Interpreter 
-- Cache files will be written to: /Users/makmorit/Library/Caches/zephyr
-- Zephyr version: 3.5.99 (/Users/makmorit/opt/ncs_2.6.1/zephyr)
-- Found west (found suitable version "1.2.0", minimum required is "0.14.0")
-- Board: raytac_mdbt53v_db_40_nrf5340_cpunet
-- Found host-tools: zephyr 0.16.5 (/Users/makmorit/opt/zephyr-sdk-0.16.5)
-- Found toolchain: zephyr 0.16.5 (/Users/makmorit/opt/zephyr-sdk-0.16.5)
-- Found Dtc: /usr/local/bin/dtc (found suitable version "1.7.0", minimum required is "1.4.6") 
-- Found BOARD.dts: /Users/makmorit/opt/ncs_2.6.1/zephyr/boards/arm/raytac_mdbt53v_db_40_nrf5340/raytac_mdbt53v_db_40_nrf5340_cpunet.dts
-- Generated zephyr.dts: /Users/makmorit/GitHub/SquareDevices/nRF5340FW/peripheral_uart/build_signed/hci_ipc/zephyr/zephyr.dts
-- Generated devicetree_generated.h: /Users/makmorit/GitHub/SquareDevices/nRF5340FW/peripheral_uart/build_signed/hci_ipc/zephyr/include/generated/devicetree_generated.h
-- Including generated dts.cmake file: /Users/makmorit/GitHub/SquareDevices/nRF5340FW/peripheral_uart/build_signed/hci_ipc/zephyr/dts.cmake
Parsing /Users/makmorit/opt/ncs_2.6.1/zephyr/Kconfig
Loaded configuration '/Users/makmorit/opt/ncs_2.6.1/zephyr/boards/arm/raytac_mdbt53v_db_40_nrf5340/raytac_mdbt53v_db_40_nrf5340_cpunet_defconfig'
Merged configuration '/Users/makmorit/opt/ncs_2.6.1/zephyr/samples/bluetooth/hci_ipc/prj.conf'
Merged configuration '/Users/makmorit/opt/ncs_2.6.1/nrf/subsys/partition_manager/partition_manager_enabled.conf'
Configuration saved to '/Users/makmorit/GitHub/SquareDevices/nRF5340FW/peripheral_uart/build_signed/hci_ipc/zephyr/.config'
Kconfig header saved to '/Users/makmorit/GitHub/SquareDevices/nRF5340FW/peripheral_uart/build_signed/hci_ipc/zephyr/include/generated/autoconf.h'
-- Found GnuLd: /Users/makmorit/opt/zephyr-sdk-0.16.5/arm-zephyr-eabi/bin/../lib/gcc/arm-zephyr-eabi/12.2.0/../../../../arm-zephyr-eabi/bin/ld.bfd (found version "2.38") 
-- The C compiler identification is GNU 12.2.0
-- The CXX compiler identification is GNU 12.2.0
-- The ASM compiler identification is GNU
-- Found assembler: /Users/makmorit/opt/zephyr-sdk-0.16.5/arm-zephyr-eabi/bin/arm-zephyr-eabi-gcc
CMake Deprecation Warning at /Users/makmorit/opt/ncs_2.6.1/modules/hal/libmetal/libmetal/CMakeLists.txt:1 (cmake_minimum_required):
  Compatibility with CMake < 3.5 will be removed from a future version of
  CMake.

  Update the VERSION argument <min> value or use a ...<max> suffix to tell
  CMake that the project does not need compatibility with older versions.


-- libmetal version: 1.4.0 (/Users/makmorit/opt/ncs_2.6.1/zephyr/samples/bluetooth/hci_ipc)
-- Build type:  
-- Host:    Darwin/x86_64
-- Target:  Generic/arm
-- Machine: arm
-- Looking for include file stdatomic.h
-- Looking for include file stdatomic.h - found
CMake Deprecation Warning at /Users/makmorit/opt/ncs_2.6.1/modules/lib/open-amp/open-amp/CMakeLists.txt:1 (cmake_minimum_required):
  Compatibility with CMake < 3.5 will be removed from a future version of
  CMake.

  Update the VERSION argument <min> value or use a ...<max> suffix to tell
  CMake that the project does not need compatibility with older versions.


-- open-amp version: 1.4.0 (/Users/makmorit/opt/ncs_2.6.1/modules/lib/open-amp/open-amp)
-- Host:    Darwin/x86_64
-- Target:  Generic/arm
-- Machine: arm
-- C_FLAGS :  -Wall -Wextra
-- Looking for include file fcntl.h
-- Looking for include file fcntl.h - found
-- Using ccache: /usr/local/bin/ccache
-- Configuring done (4.5s)
-- Generating done (0.2s)
-- Build files have been written to: /Users/makmorit/GitHub/SquareDevices/nRF5340FW/peripheral_uart/build_signed/hci_ipc
=== child image hci_ipc - CPUNET end ===

CMake Deprecation Warning at /Users/makmorit/opt/ncs_2.6.1/modules/hal/libmetal/libmetal/CMakeLists.txt:1 (cmake_minimum_required):
  Compatibility with CMake < 3.5 will be removed from a future version of
  CMake.

  Update the VERSION argument <min> value or use a ...<max> suffix to tell
  CMake that the project does not need compatibility with older versions.


-- libmetal version: 1.4.0 (/Users/makmorit/GitHub/SquareDevices/nRF5340FW/peripheral_uart)
-- Build type:  
-- Host:    Darwin/x86_64
-- Target:  Generic/arm
-- Machine: arm
-- Looking for include file stdatomic.h
-- Looking for include file stdatomic.h - found
CMake Deprecation Warning at /Users/makmorit/opt/ncs_2.6.1/modules/lib/open-amp/open-amp/CMakeLists.txt:1 (cmake_minimum_required):
  Compatibility with CMake < 3.5 will be removed from a future version of
  CMake.

  Update the VERSION argument <min> value or use a ...<max> suffix to tell
  CMake that the project does not need compatibility with older versions.


-- open-amp version: 1.4.0 (/Users/makmorit/opt/ncs_2.6.1/modules/lib/open-amp/open-amp)
-- Host:    Darwin/x86_64
-- Target:  Generic/arm
-- Machine: arm
-- C_FLAGS :  -Wall -Wextra
-- Looking for include file fcntl.h
-- Looking for include file fcntl.h - found
-- Using ccache: /usr/local/bin/ccache
CMake Warning at /Users/makmorit/opt/ncs_2.6.1/zephyr/CMakeLists.txt:1957 (message):
  __ASSERT() statements are globally ENABLED


-- Configuring done (9.8s)
-- Generating done (0.2s)
-- Build files have been written to: /Users/makmorit/GitHub/SquareDevices/nRF5340FW/peripheral_uart/build_signed
-- west build: building application
[1/264] Preparing syscall dependency handling

[2/264] Creating directories for 'hci_ipc_subimage'
[3/264] Generating ../../zephyr/include/generated/ncs_version.h
[4/264] Generating include/generated/app_version.h
[5/264] No download step for 'hci_ipc_subimage'
[6/264] Generating misc/generated/syscalls_subdirs.trigger
[7/264] No update step for 'hci_ipc_subimage'
[8/264] Generating include/generated/version.h
-- Zephyr version: 3.5.99 (/Users/makmorit/opt/ncs_2.6.1/zephyr), build: v3.5.99-ncs1-1
[9/264] No patch step for 'hci_ipc_subimage'
[10/264] No configure step for 'hci_ipc_subimage'
[10/264] Performing build step for 'hci_ipc_subimage'
[1/207] Preparing syscall dependency handling

[2/207] Generating ../../zephyr/include/generated/ncs_version.h
[3/207] Generating misc/generated/syscalls_subdirs.trigger
[4/207] Generating include/generated/version.h
-- Zephyr version: 3.5.99 (/Users/makmorit/opt/ncs_2.6.1/zephyr), build: v3.5.99-ncs1-1
[5/207] Generating misc/generated/syscalls.json, misc/generated/struct_tags.json
[6/207] Generating include/generated/syscall_dispatch.c, include/generated/syscall_list.h
[7/207] Generating include/generated/driver-validation.h
[8/207] Generating include/generated/kobj-types-enum.h, include/generated/otype-to-str.h, include/generated/otype-to-size.h
[9/207] Building C object zephyr/CMakeFiles/offsets.dir/arch/arm/core/offsets/offsets.c.obj
[10/207] Generating include/generated/offsets.h
[11/207] Building C object zephyr/CMakeFiles/zephyr.dir/lib/os/dec.c.obj
[12/207] Building C object zephyr/CMakeFiles/zephyr.dir/lib/os/multi_heap.c.obj
[13/207] Building C object zephyr/CMakeFiles/zephyr.dir/lib/os/hex.c.obj
[14/207] Building C object zephyr/CMakeFiles/zephyr.dir/misc/generated/configs.c.obj
[15/207] Building C object zephyr/CMakeFiles/zephyr.dir/lib/os/timeutil.c.obj
[16/207] Building C object zephyr/CMakeFiles/zephyr.dir/lib/os/thread_entry.c.obj
[17/207] Building C object zephyr/CMakeFiles/zephyr.dir/lib/os/reboot.c.obj
[18/207] Building C object zephyr/CMakeFiles/zephyr.dir/lib/os/assert.c.obj
[19/207] Building C object zephyr/CMakeFiles/zephyr.dir/lib/os/sem.c.obj
[20/207] Building C object zephyr/CMakeFiles/zephyr.dir/subsys/tracing/tracing_none.c.obj
[21/207] Building C object zephyr/CMakeFiles/zephyr.dir/lib/os/notify.c.obj
[22/207] Building C object zephyr/CMakeFiles/zephyr.dir/subsys/net/lib/utils/addr_utils.c.obj
[23/207] Building C object zephyr/CMakeFiles/zephyr.dir/lib/os/printk.c.obj
[24/207] Building C object zephyr/CMakeFiles/zephyr.dir/Users/makmorit/opt/ncs_2.6.1/modules/crypto/tinycrypt/lib/source/utils.c.obj
[25/207] Building C object zephyr/CMakeFiles/zephyr.dir/Users/makmorit/opt/ncs_2.6.1/nrf/subsys/partition_manager/flash_map_partition_manager.c.obj
[26/207] Generating linker_zephyr_pre0.cmd
[27/207] Building C object zephyr/CMakeFiles/zephyr.dir/Users/makmorit/opt/ncs_2.6.1/modules/crypto/tinycrypt/lib/source/aes_decrypt.c.obj
[28/207] Building C object zephyr/CMakeFiles/zephyr.dir/Users/makmorit/opt/ncs_2.6.1/modules/crypto/tinycrypt/lib/source/aes_encrypt.c.obj
[29/207] Building C object zephyr/CMakeFiles/zephyr_pre0.dir/misc/empty_file.c.obj
[30/207] Building ASM object zephyr/arch/arch/arm/core/CMakeFiles/arch__arm__core.dir/nmi_on_reset.S.obj
[31/207] Building C object zephyr/CMakeFiles/zephyr.dir/subsys/ipc/ipc_service/lib/ipc_rpmsg.c.obj
[32/207] Building C object zephyr/CMakeFiles/zephyr.dir/subsys/mem_mgmt/mem_attr.c.obj
[33/207] Building C object zephyr/arch/common/CMakeFiles/isr_tables.dir/isr_tables.c.obj
[34/207] Building C object zephyr/CMakeFiles/zephyr.dir/lib/os/bitarray.c.obj
[35/207] Building C object zephyr/arch/common/CMakeFiles/arch__common.dir/sw_isr_common.c.obj
[36/207] Building C object zephyr/CMakeFiles/zephyr.dir/subsys/ipc/ipc_service/lib/ipc_static_vrings.c.obj
[37/207] Building ASM object zephyr/arch/arch/arm/core/cortex_m/CMakeFiles/arch__arm__core__cortex_m.dir/exc_exit.S.obj
[38/207] Building C object zephyr/CMakeFiles/zephyr.dir/lib/os/heap-validate.c.obj
[39/207] Building ASM object zephyr/arch/arch/arm/core/cortex_m/CMakeFiles/arch__arm__core__cortex_m.dir/fault_s.S.obj
[40/207] Building C object zephyr/CMakeFiles/zephyr.dir/lib/os/heap.c.obj
[41/207] Building C object zephyr/CMakeFiles/zephyr.dir/lib/os/onoff.c.obj
[42/207] Linking C static library zephyr/arch/common/libisr_tables.a
[43/207] Building ASM object zephyr/arch/arch/arm/core/cortex_m/CMakeFiles/arch__arm__core__cortex_m.dir/reset.S.obj
[44/207] Building ASM object zephyr/arch/arch/arm/core/cortex_m/CMakeFiles/arch__arm__core__cortex_m.dir/vector_table.S.obj
[45/207] Building ASM object zephyr/arch/arch/arm/core/cortex_m/CMakeFiles/arch__arm__core__cortex_m.dir/swap_helper.S.obj
[46/207] Building C object zephyr/arch/arch/arm/core/CMakeFiles/arch__arm__core.dir/nmi.c.obj
[47/207] Linking C static library zephyr/arch/common/libarch__common.a
[48/207] Building ASM object zephyr/arch/arch/arm/core/cortex_m/CMakeFiles/arch__arm__core__cortex_m.dir/cpu_idle.S.obj
[49/207] Building C object zephyr/CMakeFiles/zephyr.dir/lib/os/rb.c.obj
[50/207] Building ASM object zephyr/arch/arch/arm/core/cortex_m/CMakeFiles/arch__arm__core__cortex_m.dir/__aeabi_read_tp.S.obj
[51/207] Building C object zephyr/CMakeFiles/zephyr.dir/lib/os/cbprintf_complete.c.obj
[52/207] Building ASM object zephyr/arch/arch/arm/core/cortex_m/CMakeFiles/arch__arm__core__cortex_m.dir/isr_wrapper.S.obj
[53/207] Building C object zephyr/arch/arch/arm/core/CMakeFiles/arch__arm__core.dir/tls.c.obj
[54/207] Building C object zephyr/CMakeFiles/zephyr.dir/lib/os/cbprintf_packaged.c.obj
[55/207] Building C object zephyr/arch/arch/arm/core/cortex_m/CMakeFiles/arch__arm__core__cortex_m.dir/fpu.c.obj
[56/207] Building C object zephyr/arch/arch/arm/core/cortex_m/CMakeFiles/arch__arm__core__cortex_m.dir/thread_abort.c.obj
[57/207] Building C object zephyr/arch/arch/arm/core/CMakeFiles/arch__arm__core.dir/fatal.c.obj
[58/207] Building C object zephyr/arch/arch/arm/core/cortex_m/CMakeFiles/arch__arm__core__cortex_m.dir/scb.c.obj
[59/207] Building C object zephyr/CMakeFiles/zephyr.dir/subsys/ipc/ipc_service/backends/ipc_rpmsg_static_vrings.c.obj
[60/207] Building C object zephyr/arch/arch/arm/core/cortex_m/CMakeFiles/arch__arm__core__cortex_m.dir/swap.c.obj
[61/207] Building ASM object zephyr/soc/soc/arm/nordic_nrf/CMakeFiles/soc__arm__nordic_nrf.dir/common/soc_nrf_common.S.obj
[62/207] Building C object zephyr/arch/arch/arm/core/cortex_m/CMakeFiles/arch__arm__core__cortex_m.dir/irq_init.c.obj
[63/207] Building C object zephyr/arch/arch/arm/core/cortex_m/CMakeFiles/arch__arm__core__cortex_m.dir/prep_c.c.obj
[64/207] Linking C static library zephyr/arch/arch/arm/core/libarch__arm__core.a
[65/207] Building C object zephyr/arch/arch/arm/core/cortex_m/CMakeFiles/arch__arm__core__cortex_m.dir/irq_manage.c.obj
[66/207] Building C object zephyr/arch/arch/arm/core/mpu/CMakeFiles/arch__arm__core__mpu.dir/arm_mpu_regions.c.obj
[67/207] Building C object zephyr/subsys/bluetooth/common/CMakeFiles/subsys__bluetooth__common.dir/addr.c.obj
[68/207] Building C object zephyr/arch/arch/arm/core/cortex_m/CMakeFiles/arch__arm__core__cortex_m.dir/thread.c.obj
[69/207] Building C object zephyr/arch/arch/arm/core/mpu/CMakeFiles/arch__arm__core__mpu.dir/arm_core_mpu.c.obj
[70/207] Building C object zephyr/arch/arch/arm/core/cortex_m/cmse/CMakeFiles/arch__arm__core__cortex_m__cmse.dir/arm_core_cmse.c.obj
[71/207] Building C object zephyr/lib/libc/common/CMakeFiles/lib__libc__common.dir/source/stdlib/abort.c.obj
[72/207] Linking C static library zephyr/arch/arch/arm/core/cortex_m/cmse/libarch__arm__core__cortex_m__cmse.a
[73/207] Building C object zephyr/soc/soc/arm/nordic_nrf/CMakeFiles/soc__arm__nordic_nrf.dir/validate_enabled_instances.c.obj
[74/207] Building C object zephyr/lib/libc/picolibc/CMakeFiles/lib__libc__picolibc.dir/libc-hooks.c.obj
[75/207] Building C object zephyr/subsys/bluetooth/common/CMakeFiles/subsys__bluetooth__common.dir/dummy.c.obj
[76/207] Building C object zephyr/soc/soc/arm/nordic_nrf/CMakeFiles/soc__arm__nordic_nrf.dir/validate_base_addresses.c.obj
[77/207] Building C object zephyr/lib/libc/common/CMakeFiles/lib__libc__common.dir/source/stdlib/malloc.c.obj
[78/207] Linking C static library zephyr/lib/libc/picolibc/liblib__libc__picolibc.a
[79/207] Building C object zephyr/subsys/random/CMakeFiles/subsys__random.dir/rand32_entropy_device.c.obj
[80/207] Linking C static library zephyr/lib/libc/common/liblib__libc__common.a
[81/207] Linking C static library zephyr/subsys/random/libsubsys__random.a
[82/207] Building C object zephyr/subsys/bluetooth/common/CMakeFiles/subsys__bluetooth__common.dir/bt_str.c.obj
[83/207] Building C object zephyr/subsys/bluetooth/host/CMakeFiles/subsys__bluetooth__host.dir/hci_common.c.obj
[84/207] Building C object CMakeFiles/app.dir/src/main.c.obj
[85/207] Building C object zephyr/drivers/pinctrl/CMakeFiles/drivers__pinctrl.dir/common.c.obj
[86/207] Linking C static library app/libapp.a
[87/207] Building C object zephyr/drivers/console/CMakeFiles/drivers__console.dir/uart_console.c.obj
[88/207] Building C object zephyr/CMakeFiles/zephyr.dir/subsys/ipc/ipc_service/ipc_service.c.obj
[89/207] Building C object zephyr/subsys/bluetooth/common/CMakeFiles/subsys__bluetooth__common.dir/rpa.c.obj
[90/207] Linking C static library zephyr/drivers/console/libdrivers__console.a
[91/207] Linking C static library zephyr/subsys/bluetooth/common/libsubsys__bluetooth__common.a
[92/207] Linking C static library zephyr/libzephyr.a
[93/207] Building C object zephyr/drivers/timer/CMakeFiles/drivers__timer.dir/sys_clock_init.c.obj
[94/207] Building C object zephyr/arch/arch/arm/core/mpu/CMakeFiles/arch__arm__core__mpu.dir/arm_mpu.c.obj
[95/207] Building C object zephyr/drivers/entropy/CMakeFiles/drivers__entropy.dir/entropy_nrf5.c.obj
[96/207] Linking C static library zephyr/arch/arch/arm/core/mpu/libarch__arm__core__mpu.a
[97/207] Linking C static library zephyr/drivers/entropy/libdrivers__entropy.a
[98/207] Building C object modules/nrf/lib/multithreading_lock/CMakeFiles/..__nrf__lib__multithreading_lock.dir/multithreading_lock.c.obj
[99/207] Building C object zephyr/arch/arch/arm/core/cortex_m/CMakeFiles/arch__arm__core__cortex_m.dir/fault.c.obj
[100/207] Building C object zephyr/subsys/net/CMakeFiles/subsys__net.dir/buf.c.obj
[101/207] Building C object zephyr/drivers/clock_control/CMakeFiles/drivers__clock_control.dir/clock_control_nrf.c.obj
[102/207] Linking C static library modules/nrf/lib/multithreading_lock/lib..__nrf__lib__multithreading_lock.a
[103/207] Building C object modules/nrf/subsys/mpsl/fem/CMakeFiles/..__nrf__subsys__mpsl__fem.dir/api_init/mpsl_fem_api_init.c.obj
[104/207] Building C object zephyr/drivers/mbox/CMakeFiles/drivers__mbox.dir/mbox_nrfx_ipc.c.obj
[105/207] Linking C static library zephyr/arch/arch/arm/core/cortex_m/libarch__arm__core__cortex_m.a
[106/207] Linking C static library zephyr/drivers/clock_control/libdrivers__clock_control.a
[107/207] Linking C static library modules/nrf/subsys/mpsl/fem/lib..__nrf__subsys__mpsl__fem.a
[108/207] Linking C static library zephyr/drivers/mbox/libdrivers__mbox.a
[109/207] Building C object zephyr/subsys/bluetooth/host/CMakeFiles/subsys__bluetooth__host.dir/hci_raw.c.obj
[110/207] Building C object zephyr/subsys/net/CMakeFiles/subsys__net.dir/buf_simple.c.obj
[111/207] Building C object modules/hal_nordic/nrfx/CMakeFiles/modules__hal_nordic__nrfx.dir/Users/makmorit/opt/ncs_2.6.1/modules/hal/nordic/nrfx/mdk/system_nrf5340_network.c.obj
[112/207] Building C object modules/nrf/lib/fatal_error/CMakeFiles/..__nrf__lib__fatal_error.dir/fatal_error.c.obj
[113/207] Linking C static library zephyr/subsys/bluetooth/host/libsubsys__bluetooth__host.a
[114/207] Linking C static library zephyr/subsys/net/libsubsys__net.a
[115/207] Linking C static library modules/nrf/lib/fatal_error/lib..__nrf__lib__fatal_error.a
[116/207] Building C object modules/nrf/drivers/mpsl/clock_control/CMakeFiles/..__nrf__drivers__mpsl__clock_control.dir/nrfx_clock_mpsl.c.obj
[117/207] Building C object zephyr/drivers/timer/CMakeFiles/drivers__timer.dir/nrf_rtc_timer.c.obj
[118/207] Linking C static library modules/nrf/drivers/mpsl/clock_control/lib..__nrf__drivers__mpsl__clock_control.a
[119/207] Linking C static library zephyr/drivers/timer/libdrivers__timer.a
[120/207] Building C object modules/hal_nordic/nrfx/CMakeFiles/modules__hal_nordic__nrfx.dir/nrfx_glue.c.obj
[121/207] Building C object modules/hal_nordic/nrfx/CMakeFiles/modules__hal_nordic__nrfx.dir/Users/makmorit/opt/ncs_2.6.1/modules/hal/nordic/nrfx/helpers/nrfx_flag32_allocator.c.obj
[122/207] Building C object modules/nrf/subsys/bluetooth/controller/CMakeFiles/..__nrf__subsys__bluetooth__controller.dir/crypto.c.obj
[123/207] Building C object modules/nrf/subsys/bluetooth/controller/CMakeFiles/..__nrf__subsys__bluetooth__controller.dir/ecdh.c.obj
[124/207] Building C object modules/libmetal/libmetal/lib/CMakeFiles/metal.dir/dma.c.obj
[125/207] Building C object modules/libmetal/libmetal/lib/CMakeFiles/metal.dir/init.c.obj
[126/207] Building C object modules/nrf/subsys/bluetooth/controller/CMakeFiles/..__nrf__subsys__bluetooth__controller.dir/hci_internal.c.obj
[127/207] Building C object modules/libmetal/libmetal/lib/CMakeFiles/metal.dir/version.c.obj
[128/207] Building C object zephyr/drivers/pinctrl/CMakeFiles/drivers__pinctrl.dir/pinctrl_nrf.c.obj
[129/207] Building C object modules/libmetal/libmetal/lib/CMakeFiles/metal.dir/log.c.obj
[130/207] Building C object modules/libmetal/libmetal/lib/CMakeFiles/metal.dir/irq.c.obj
[131/207] Linking C static library zephyr/drivers/pinctrl/libdrivers__pinctrl.a
[132/207] Building C object modules/libmetal/libmetal/lib/CMakeFiles/metal.dir/device.c.obj
[133/207] Building C object modules/libmetal/libmetal/lib/CMakeFiles/metal.dir/shmem.c.obj
[134/207] Building C object modules/libmetal/libmetal/lib/CMakeFiles/metal.dir/io.c.obj
[135/207] Building C object modules/hal_nordic/nrfx/CMakeFiles/modules__hal_nordic__nrfx.dir/Users/makmorit/opt/ncs_2.6.1/modules/hal/nordic/nrfx/drivers/src/nrfx_ipc.c.obj
[136/207] Building C object modules/libmetal/libmetal/lib/CMakeFiles/metal.dir/softirq.c.obj
[137/207] Building C object modules/libmetal/libmetal/lib/CMakeFiles/metal.dir/system/zephyr/alloc.c.obj
[138/207] Building C object modules/open-amp/open-amp/lib/CMakeFiles/open_amp.dir/version.c.obj
[139/207] Building C object modules/libmetal/libmetal/lib/CMakeFiles/metal.dir/system/zephyr/init.c.obj
[140/207] Building C object modules/libmetal/libmetal/lib/CMakeFiles/metal.dir/system/zephyr/condition.c.obj
[141/207] Building C object modules/libmetal/libmetal/lib/CMakeFiles/metal.dir/system/zephyr/device.c.obj
[142/207] Building C object modules/libmetal/libmetal/lib/CMakeFiles/metal.dir/system/zephyr/irq.c.obj
[143/207] Building C object modules/libmetal/libmetal/lib/CMakeFiles/metal.dir/system/zephyr/log.c.obj
[144/207] Building C object modules/libmetal/libmetal/lib/CMakeFiles/metal.dir/system/zephyr/shmem.c.obj
[145/207] Building C object modules/libmetal/libmetal/lib/CMakeFiles/metal.dir/system/zephyr/time.c.obj
[146/207] Building C object modules/libmetal/libmetal/lib/CMakeFiles/metal.dir/system/zephyr/sys.c.obj
[147/207] Building C object modules/nrf/subsys/bluetooth/controller/CMakeFiles/..__nrf__subsys__bluetooth__controller.dir/hci_driver.c.obj
[148/207] Building C object zephyr/drivers/gpio/CMakeFiles/drivers__gpio.dir/gpio_nrfx.c.obj
[149/207] Linking C static library modules/nrf/subsys/bluetooth/controller/lib..__nrf__subsys__bluetooth__controller.a
[150/207] Linking C static library modules/libmetal/libmetal/lib/libmetal.a
[151/207] Building C object modules/open-amp/open-amp/lib/CMakeFiles/open_amp.dir/virtio/virtio.c.obj
[152/207] Linking C static library zephyr/drivers/gpio/libdrivers__gpio.a
[153/207] Building C object modules/nrf/subsys/mpsl/init/CMakeFiles/..__nrf__subsys__mpsl__init.dir/mpsl_init.c.obj
[154/207] Building C object zephyr/kernel/CMakeFiles/kernel.dir/main_weak.c.obj
[155/207] Building C object zephyr/kernel/CMakeFiles/kernel.dir/device.c.obj
[156/207] Linking C static library modules/nrf/subsys/mpsl/init/lib..__nrf__subsys__mpsl__init.a
[157/207] Building C object modules/open-amp/open-amp/lib/CMakeFiles/open_amp.dir/remoteproc/rsc_table_parser.c.obj
[158/207] Building C object modules/open-amp/open-amp/lib/CMakeFiles/open_amp.dir/rpmsg/rpmsg.c.obj
[159/207] Building C object zephyr/kernel/CMakeFiles/kernel.dir/banner.c.obj
[160/207] Building C object zephyr/kernel/CMakeFiles/kernel.dir/busy_wait.c.obj
[161/207] Building C object zephyr/kernel/CMakeFiles/kernel.dir/errno.c.obj
[162/207] Building C object zephyr/kernel/CMakeFiles/kernel.dir/version.c.obj
[163/207] Building C object modules/open-amp/open-amp/lib/CMakeFiles/open_amp.dir/virtio/virtqueue.c.obj
[164/207] Building C object modules/open-amp/open-amp/lib/CMakeFiles/open_amp.dir/remoteproc/remoteproc_virtio.c.obj
[165/207] Building C object modules/open-amp/open-amp/lib/CMakeFiles/open_amp.dir/remoteproc/elf_loader.c.obj
[166/207] Building C object modules/open-amp/open-amp/lib/CMakeFiles/open_amp.dir/rpmsg/rpmsg_virtio.c.obj
[167/207] Building C object zephyr/kernel/CMakeFiles/kernel.dir/kheap.c.obj
[168/207] Building C object zephyr/kernel/CMakeFiles/kernel.dir/idle.c.obj
[169/207] Building C object zephyr/kernel/CMakeFiles/kernel.dir/mem_slab.c.obj
[170/207] Building C object zephyr/kernel/CMakeFiles/kernel.dir/init.c.obj
[171/207] Building C object zephyr/kernel/CMakeFiles/kernel.dir/fatal.c.obj
[172/207] Building C object zephyr/kernel/CMakeFiles/kernel.dir/msg_q.c.obj
[173/207] Building C object zephyr/kernel/CMakeFiles/kernel.dir/sem.c.obj
[174/207] Building C object zephyr/kernel/CMakeFiles/kernel.dir/mailbox.c.obj
[175/207] Building C object zephyr/kernel/CMakeFiles/kernel.dir/system_work_q.c.obj
[176/207] Building C object zephyr/kernel/CMakeFiles/kernel.dir/stack.c.obj
[177/207] Building C object zephyr/kernel/CMakeFiles/kernel.dir/thread.c.obj
[178/207] Building C object zephyr/drivers/serial/CMakeFiles/drivers__serial.dir/uart_nrfx_uarte.c.obj
[179/207] Building C object modules/hal_nordic/nrfx/CMakeFiles/modules__hal_nordic__nrfx.dir/Users/makmorit/opt/ncs_2.6.1/modules/hal/nordic/nrfx/helpers/nrfx_gppi_dppi.c.obj
[180/207] Building C object zephyr/kernel/CMakeFiles/kernel.dir/xip.c.obj
[181/207] Building C object zephyr/soc/soc/arm/nordic_nrf/CMakeFiles/soc__arm__nordic_nrf.dir/nrf53/soc.c.obj
[182/207] Linking C static library zephyr/drivers/serial/libdrivers__serial.a
[183/207] Building C object zephyr/kernel/CMakeFiles/kernel.dir/condvar.c.obj
[184/207] Building C object zephyr/kernel/CMakeFiles/kernel.dir/queue.c.obj
[185/207] Building C object modules/open-amp/open-amp/lib/CMakeFiles/open_amp.dir/remoteproc/remoteproc.c.obj
[186/207] Linking C static library zephyr/soc/soc/arm/nordic_nrf/libsoc__arm__nordic_nrf.a
[187/207] Building C object zephyr/kernel/CMakeFiles/kernel.dir/dynamic_disabled.c.obj
[188/207] Linking C static library modules/open-amp/open-amp/lib/libopen_amp.a
[189/207] Building C object zephyr/kernel/CMakeFiles/kernel.dir/mempool.c.obj
[190/207] Building C object zephyr/kernel/CMakeFiles/kernel.dir/timer.c.obj
[191/207] Building C object zephyr/kernel/CMakeFiles/kernel.dir/mutex.c.obj
[192/207] Building C object zephyr/kernel/CMakeFiles/kernel.dir/timeout.c.obj
[193/207] Building C object zephyr/kernel/CMakeFiles/kernel.dir/poll.c.obj
[194/207] Building C object zephyr/kernel/CMakeFiles/kernel.dir/work.c.obj
[195/207] Building C object modules/hal_nordic/nrfx/CMakeFiles/modules__hal_nordic__nrfx.dir/Users/makmorit/opt/ncs_2.6.1/modules/hal/nordic/nrfx/drivers/src/nrfx_dppi.c.obj
[196/207] Building C object zephyr/kernel/CMakeFiles/kernel.dir/sched.c.obj
[197/207] Linking C static library zephyr/kernel/libkernel.a
[198/207] Building C object modules/hal_nordic/nrfx/CMakeFiles/modules__hal_nordic__nrfx.dir/Users/makmorit/opt/ncs_2.6.1/modules/hal/nordic/nrfx/drivers/src/nrfx_gpiote.c.obj
[199/207] Linking C static library modules/hal_nordic/nrfx/libmodules__hal_nordic__nrfx.a
[200/207] Linking C executable zephyr/zephyr_pre0.elf
[201/207] Generating linker.cmd
[202/207] Generating isr_tables.c, isr_tables_vt.ld, isr_tables_swi.ld
[203/207] Building C object zephyr/CMakeFiles/zephyr_final.dir/misc/empty_file.c.obj
[204/207] Building C object zephyr/CMakeFiles/zephyr_final.dir/isr_tables.c.obj
[205/207] Linking C executable zephyr/zephyr.elf
Memory region         Used Size  Region Size  %age Used
           FLASH:      175200 B       256 KB     66.83%
             RAM:       47636 B        64 KB     72.69%
           SRAM1:          0 GB        64 KB      0.00%
        IDT_LIST:          0 GB        32 KB      0.00%
[206/207] Generating zephyr/app.hex
[207/207] Generating zephyr/merged_CPUNET.hex
[116/264] Building C object zephyr/boards/arm/raytac_mdbt53v_db_40_nrf5340/CMakeFiles/boards__arm__raytac_mdbt53v_db_40_nrf5340.dir/raytac_mdbt53v_db_40_nrf5340_cpunet_reset.c.obj
In file included from /Users/makmorit/opt/ncs_2.6.1/zephyr/include/zephyr/device.h:13,
                 from /Users/makmorit/opt/ncs_2.6.1/zephyr/include/zephyr/sw_isr_table.h:18,
                 from /Users/makmorit/opt/ncs_2.6.1/zephyr/include/zephyr/arch/arm/irq.h:19,
                 from /Users/makmorit/opt/ncs_2.6.1/zephyr/include/zephyr/arch/arm/arch.h:27,
                 from /Users/makmorit/opt/ncs_2.6.1/zephyr/include/zephyr/arch/cpu.h:19,
                 from /Users/makmorit/opt/ncs_2.6.1/zephyr/include/zephyr/kernel_includes.h:37,
                 from /Users/makmorit/opt/ncs_2.6.1/zephyr/include/zephyr/kernel.h:17,
                 from /Users/makmorit/opt/ncs_2.6.1/zephyr/boards/arm/raytac_mdbt53v_db_40_nrf5340/raytac_mdbt53v_db_40_nrf5340_cpunet_reset.c:8:
/Users/makmorit/opt/ncs_2.6.1/zephyr/include/zephyr/init.h:208:63: warning: initialization of 'int (*)(void)' from incompatible pointer type 'int (*)(const struct device *)' [-Wincompatible-pointer-types]
  208 |                 Z_INIT_ENTRY_NAME(name) = {.init_fn = {.sys = (init_fn_)}}
      |                                                               ^
/Users/makmorit/opt/ncs_2.6.1/zephyr/include/zephyr/init.h:190:9: note: in expansion of macro 'SYS_INIT_NAMED'
  190 |         SYS_INIT_NAMED(init_fn, init_fn, level, prio)
      |         ^~~~~~~~~~~~~~
/Users/makmorit/opt/ncs_2.6.1/zephyr/boards/arm/raytac_mdbt53v_db_40_nrf5340/raytac_mdbt53v_db_40_nrf5340_cpunet_reset.c:60:1: note: in expansion of macro 'SYS_INIT'
   60 | SYS_INIT(remoteproc_mgr_boot, POST_KERNEL, CONFIG_KERNEL_INIT_PRIORITY_DEVICE);
      | ^~~~~~~~
/Users/makmorit/opt/ncs_2.6.1/zephyr/include/zephyr/init.h:208:63: note: (near initialization for '__init_remoteproc_mgr_boot.init_fn.sys')
  208 |                 Z_INIT_ENTRY_NAME(name) = {.init_fn = {.sys = (init_fn_)}}
      |                                                               ^
/Users/makmorit/opt/ncs_2.6.1/zephyr/include/zephyr/init.h:190:9: note: in expansion of macro 'SYS_INIT_NAMED'
  190 |         SYS_INIT_NAMED(init_fn, init_fn, level, prio)
      |         ^~~~~~~~~~~~~~
/Users/makmorit/opt/ncs_2.6.1/zephyr/boards/arm/raytac_mdbt53v_db_40_nrf5340/raytac_mdbt53v_db_40_nrf5340_cpunet_reset.c:60:1: note: in expansion of macro 'SYS_INIT'
   60 | SYS_INIT(remoteproc_mgr_boot, POST_KERNEL, CONFIG_KERNEL_INIT_PRIORITY_DEVICE);
      | ^~~~~~~~
[258/264] Building C object zephyr/CMakeFiles/zephyr_final.dir/isr_tables.c.obj
[260/264] No install step for 'hci_ipc_subimage'
[261/264] Completed 'hci_ipc_subimage'
[262/264] Linking C executable zephyr/zephyr.elf
Memory region         Used Size  Region Size  %age Used
           FLASH:      152600 B      1008 KB     14.78%
             RAM:       31540 B       448 KB      6.88%
        IDT_LIST:          0 GB        32 KB      0.00%
[263/264] Generating zephyr/merged.hex
[264/264] Generating zephyr/merged_domains.hex
