(ncs_2.5.2) bash-3.2$ pip3 install west
Collecting west
  Downloading west-1.2.0-py3-none-any.whl (95 kB)
     ━━━━━━━━━━━━━━━━━━━━━━━━━━━━━━━━━━━━━━━━ 96.0/96.0 KB 490.7 kB/s eta 0:00:00
Collecting packaging
  Using cached packaging-23.2-py3-none-any.whl (53 kB)
Collecting pykwalify
  Downloading pykwalify-1.8.0-py2.py3-none-any.whl (24 kB)
Collecting colorama
  Downloading colorama-0.4.6-py2.py3-none-any.whl (25 kB)
Requirement already satisfied: setuptools in ./lib/python3.8/site-packages (from west) (56.0.0)
Collecting PyYAML>=5.1
  Using cached PyYAML-6.0.1-cp38-cp38-macosx_10_9_x86_64.whl (191 kB)
Collecting docopt>=0.6.2
  Downloading docopt-0.6.2.tar.gz (25 kB)
  Preparing metadata (setup.py) ... done
Collecting python-dateutil>=2.8.0
  Using cached python_dateutil-2.8.2-py2.py3-none-any.whl (247 kB)
Collecting ruamel.yaml>=0.16.0
  Downloading ruamel.yaml-0.18.6-py3-none-any.whl (117 kB)
     ━━━━━━━━━━━━━━━━━━━━━━━━━━━━━━━━━━━━━━━━ 117.8/117.8 KB 1.8 MB/s eta 0:00:00
Collecting six>=1.5
  Using cached six-1.16.0-py2.py3-none-any.whl (11 kB)
Collecting ruamel.yaml.clib>=0.2.7
  Downloading ruamel.yaml.clib-0.2.8-cp38-cp38-macosx_10_9_x86_64.whl (146 kB)
     ━━━━━━━━━━━━━━━━━━━━━━━━━━━━━━━━━━━━━━━━ 146.2/146.2 KB 2.0 MB/s eta 0:00:00
Using legacy 'setup.py install' for docopt, since package 'wheel' is not installed.
Installing collected packages: docopt, six, ruamel.yaml.clib, PyYAML, packaging, colorama, ruamel.yaml, python-dateutil, pykwalify, west
  Running setup.py install for docopt ... done
Successfully installed PyYAML-6.0.1 colorama-0.4.6 docopt-0.6.2 packaging-23.2 pykwalify-1.8.0 python-dateutil-2.8.2 ruamel.yaml-0.18.6 ruamel.yaml.clib-0.2.8 six-1.16.0 west-1.2.0
WARNING: You are using pip version 22.0.4; however, version 24.0 is available.
You should consider upgrading via the '/Users/makmorit/opt/ncs_2.5.2/bin/python -m pip install --upgrade pip' command.
(ncs_2.5.2) bash-3.2$
