-- west build: generating a build system
Loading Zephyr default modules (Zephyr base).
-- Application: /Users/makmorit/GitHub/SquareDevices/nRF5340FW/peripheral_uart
-- CMake version: 3.28.3
-- Found Python3: /Users/makmorit/opt/ncs_2.5.2/bin/python (found suitable version "3.8.16", minimum required is "3.8") found components: Interpreter 
-- Cache files will be written to: /Users/makmorit/Library/Caches/zephyr
-- Zephyr version: 3.4.99 (/Users/makmorit/opt/ncs_2.5.2/zephyr)
-- Found west (found suitable version "1.2.0", minimum required is "0.14.0")
-- Board: nrf5340dk_nrf5340_cpuapp
-- Found host-tools: zephyr 0.16.1 (/Users/makmorit/opt/zephyr-sdk-0.16.1)
-- Found toolchain: zephyr 0.16.1 (/Users/makmorit/opt/zephyr-sdk-0.16.1)
-- Found Dtc: /usr/local/bin/dtc (found suitable version "1.7.0", minimum required is "1.4.6") 
-- Found BOARD.dts: /Users/makmorit/opt/ncs_2.5.2/zephyr/boards/arm/nrf5340dk_nrf5340/nrf5340dk_nrf5340_cpuapp.dts
-- Found devicetree overlay: /Users/makmorit/GitHub/SquareDevices/nRF5340FW/peripheral_uart/app.overlay
-- Generated zephyr.dts: /Users/makmorit/GitHub/SquareDevices/nRF5340FW/peripheral_uart/build_signed/zephyr/zephyr.dts
-- Generated devicetree_generated.h: /Users/makmorit/GitHub/SquareDevices/nRF5340FW/peripheral_uart/build_signed/zephyr/include/generated/devicetree_generated.h
-- Including generated dts.cmake file: /Users/makmorit/GitHub/SquareDevices/nRF5340FW/peripheral_uart/build_signed/zephyr/dts.cmake
Parsing /Users/makmorit/GitHub/SquareDevices/nRF5340FW/peripheral_uart/Kconfig
Loaded configuration '/Users/makmorit/opt/ncs_2.5.2/zephyr/boards/arm/nrf5340dk_nrf5340/nrf5340dk_nrf5340_cpuapp_defconfig'
Merged configuration '/Users/makmorit/GitHub/SquareDevices/nRF5340FW/peripheral_uart/prj.conf'
Configuration saved to '/Users/makmorit/GitHub/SquareDevices/nRF5340FW/peripheral_uart/build_signed/zephyr/.config'
Kconfig header saved to '/Users/makmorit/GitHub/SquareDevices/nRF5340FW/peripheral_uart/build_signed/zephyr/include/generated/autoconf.h'
-- Found GnuLd: /Users/makmorit/opt/zephyr-sdk-0.16.1/arm-zephyr-eabi/bin/../lib/gcc/arm-zephyr-eabi/12.2.0/../../../../arm-zephyr-eabi/bin/ld.bfd (found version "2.38") 
-- The C compiler identification is GNU 12.2.0
-- The CXX compiler identification is GNU 12.2.0
-- The ASM compiler identification is GNU
-- Found assembler: /Users/makmorit/opt/zephyr-sdk-0.16.1/arm-zephyr-eabi/bin/arm-zephyr-eabi-gcc

=== child image hci_rpmsg - CPUNET begin ===
loading initial cache file /Users/makmorit/GitHub/SquareDevices/nRF5340FW/peripheral_uart/build_signed/hci_rpmsg/child_image_preload.cmake
Loading Zephyr default modules (Zephyr base).
-- Application: /Users/makmorit/opt/ncs_2.5.2/zephyr/samples/bluetooth/hci_rpmsg
-- CMake version: 3.28.3
-- Found Python3: /Users/makmorit/opt/ncs_2.5.2/bin/python (found suitable version "3.8.16", minimum required is "3.8") found components: Interpreter 
-- Cache files will be written to: /Users/makmorit/Library/Caches/zephyr
-- Zephyr version: 3.4.99 (/Users/makmorit/opt/ncs_2.5.2/zephyr)
-- Found west (found suitable version "1.2.0", minimum required is "0.14.0")
-- Board: nrf5340dk_nrf5340_cpunet
-- Found host-tools: zephyr 0.16.1 (/Users/makmorit/opt/zephyr-sdk-0.16.1)
-- Found toolchain: zephyr 0.16.1 (/Users/makmorit/opt/zephyr-sdk-0.16.1)
-- Found Dtc: /usr/local/bin/dtc (found suitable version "1.7.0", minimum required is "1.4.6") 
-- Found BOARD.dts: /Users/makmorit/opt/ncs_2.5.2/zephyr/boards/arm/nrf5340dk_nrf5340/nrf5340dk_nrf5340_cpunet.dts
-- Generated zephyr.dts: /Users/makmorit/GitHub/SquareDevices/nRF5340FW/peripheral_uart/build_signed/hci_rpmsg/zephyr/zephyr.dts
-- Generated devicetree_generated.h: /Users/makmorit/GitHub/SquareDevices/nRF5340FW/peripheral_uart/build_signed/hci_rpmsg/zephyr/include/generated/devicetree_generated.h
-- Including generated dts.cmake file: /Users/makmorit/GitHub/SquareDevices/nRF5340FW/peripheral_uart/build_signed/hci_rpmsg/zephyr/dts.cmake
Parsing /Users/makmorit/opt/ncs_2.5.2/zephyr/Kconfig
Loaded configuration '/Users/makmorit/opt/ncs_2.5.2/zephyr/boards/arm/nrf5340dk_nrf5340/nrf5340dk_nrf5340_cpunet_defconfig'
Merged configuration '/Users/makmorit/opt/ncs_2.5.2/zephyr/samples/bluetooth/hci_rpmsg/prj.conf'
Merged configuration '/Users/makmorit/opt/ncs_2.5.2/nrf/subsys/partition_manager/partition_manager_enabled.conf'
Configuration saved to '/Users/makmorit/GitHub/SquareDevices/nRF5340FW/peripheral_uart/build_signed/hci_rpmsg/zephyr/.config'
Kconfig header saved to '/Users/makmorit/GitHub/SquareDevices/nRF5340FW/peripheral_uart/build_signed/hci_rpmsg/zephyr/include/generated/autoconf.h'
-- Found GnuLd: /Users/makmorit/opt/zephyr-sdk-0.16.1/arm-zephyr-eabi/bin/../lib/gcc/arm-zephyr-eabi/12.2.0/../../../../arm-zephyr-eabi/bin/ld.bfd (found version "2.38") 
-- The C compiler identification is GNU 12.2.0
-- The CXX compiler identification is GNU 12.2.0
-- The ASM compiler identification is GNU
-- Found assembler: /Users/makmorit/opt/zephyr-sdk-0.16.1/arm-zephyr-eabi/bin/arm-zephyr-eabi-gcc
CMake Deprecation Warning at /Users/makmorit/opt/ncs_2.5.2/modules/hal/libmetal/libmetal/CMakeLists.txt:1 (cmake_minimum_required):
  Compatibility with CMake < 3.5 will be removed from a future version of
  CMake.

  Update the VERSION argument <min> value or use a ...<max> suffix to tell
  CMake that the project does not need compatibility with older versions.


-- libmetal version: 1.4.0 (/Users/makmorit/opt/ncs_2.5.2/zephyr/samples/bluetooth/hci_rpmsg)
-- Build type:  
-- Host:    Darwin/x86_64
-- Target:  Generic/arm
-- Machine: arm
-- Looking for include file stdatomic.h
-- Looking for include file stdatomic.h - found
CMake Deprecation Warning at /Users/makmorit/opt/ncs_2.5.2/modules/lib/open-amp/open-amp/CMakeLists.txt:1 (cmake_minimum_required):
  Compatibility with CMake < 3.5 will be removed from a future version of
  CMake.

  Update the VERSION argument <min> value or use a ...<max> suffix to tell
  CMake that the project does not need compatibility with older versions.


-- open-amp version: 1.4.0 (/Users/makmorit/opt/ncs_2.5.2/modules/lib/open-amp/open-amp)
-- Host:    Darwin/x86_64
-- Target:  Generic/arm
-- Machine: arm
-- C_FLAGS :  -Wall -Wextra
-- Looking for include file fcntl.h
-- Looking for include file fcntl.h - found
-- Configuring done (4.1s)
-- Generating done (0.2s)
-- Build files have been written to: /Users/makmorit/GitHub/SquareDevices/nRF5340FW/peripheral_uart/build_signed/hci_rpmsg
=== child image hci_rpmsg - CPUNET end ===

CMake Deprecation Warning at /Users/makmorit/opt/ncs_2.5.2/modules/hal/libmetal/libmetal/CMakeLists.txt:1 (cmake_minimum_required):
  Compatibility with CMake < 3.5 will be removed from a future version of
  CMake.

  Update the VERSION argument <min> value or use a ...<max> suffix to tell
  CMake that the project does not need compatibility with older versions.


-- libmetal version: 1.4.0 (/Users/makmorit/GitHub/SquareDevices/nRF5340FW/peripheral_uart)
-- Build type:  
-- Host:    Darwin/x86_64
-- Target:  Generic/arm
-- Machine: arm
-- Looking for include file stdatomic.h
-- Looking for include file stdatomic.h - found
CMake Deprecation Warning at /Users/makmorit/opt/ncs_2.5.2/modules/lib/open-amp/open-amp/CMakeLists.txt:1 (cmake_minimum_required):
  Compatibility with CMake < 3.5 will be removed from a future version of
  CMake.

  Update the VERSION argument <min> value or use a ...<max> suffix to tell
  CMake that the project does not need compatibility with older versions.


-- open-amp version: 1.4.0 (/Users/makmorit/opt/ncs_2.5.2/modules/lib/open-amp/open-amp)
-- Host:    Darwin/x86_64
-- Target:  Generic/arm
-- Machine: arm
-- C_FLAGS :  -Wall -Wextra
-- Looking for include file fcntl.h
-- Looking for include file fcntl.h - found
CMake Warning at /Users/makmorit/opt/ncs_2.5.2/zephyr/CMakeLists.txt:1958 (message):
  __ASSERT() statements are globally ENABLED


-- Configuring done (8.9s)
-- Generating done (0.2s)
-- Build files have been written to: /Users/makmorit/GitHub/SquareDevices/nRF5340FW/peripheral_uart/build_signed
-- west build: building application
[1/265] Preparing syscall dependency handling

[2/265] Creating directories for 'hci_rpmsg_subimage'
[3/265] Generating ../../zephyr/include/generated/ncs_version.h
[4/265] No download step for 'hci_rpmsg_subimage'
[5/265] Generating misc/generated/syscalls_subdirs.trigger
[6/265] Generating include/generated/app_version.h
[7/265] No update step for 'hci_rpmsg_subimage'
[8/265] Generating include/generated/version.h
-- Zephyr version: 3.4.99 (/Users/makmorit/opt/ncs_2.5.2/zephyr), build: v3.4.99-ncs1-2
[9/265] No patch step for 'hci_rpmsg_subimage'
[10/265] No configure step for 'hci_rpmsg_subimage'
[10/265] Performing build step for 'hci_rpmsg_subimage'
[1/207] Preparing syscall dependency handling

[2/207] Generating ../../zephyr/include/generated/ncs_version.h
[3/207] Generating misc/generated/syscalls_subdirs.trigger
[4/207] Generating include/generated/version.h
-- Zephyr version: 3.4.99 (/Users/makmorit/opt/ncs_2.5.2/zephyr), build: v3.4.99-ncs1-2
[5/207] Generating misc/generated/syscalls.json, misc/generated/struct_tags.json
[6/207] Generating include/generated/syscall_dispatch.c, include/generated/syscall_list.h
[7/207] Generating include/generated/kobj-types-enum.h, include/generated/otype-to-str.h, include/generated/otype-to-size.h
[8/207] Generating include/generated/driver-validation.h
[9/207] Building C object zephyr/CMakeFiles/offsets.dir/arch/arm/core/offsets/offsets.c.obj
[10/207] Generating include/generated/offsets.h
[11/207] Building C object zephyr/CMakeFiles/zephyr.dir/lib/os/dec.c.obj
[12/207] Building C object zephyr/CMakeFiles/zephyr.dir/lib/os/multi_heap.c.obj
[13/207] Building C object zephyr/CMakeFiles/zephyr.dir/lib/os/hex.c.obj
[14/207] Building C object zephyr/CMakeFiles/zephyr.dir/lib/os/timeutil.c.obj
[15/207] Building C object zephyr/CMakeFiles/zephyr.dir/misc/generated/configs.c.obj
[16/207] Building ASM object zephyr/CMakeFiles/zephyr.dir/soc/arm/nordic_nrf/common/soc_nrf_common.S.obj
[17/207] Building C object zephyr/CMakeFiles/zephyr.dir/lib/os/assert.c.obj
[18/207] Building C object zephyr/CMakeFiles/zephyr.dir/lib/os/thread_entry.c.obj
[19/207] Building C object zephyr/CMakeFiles/zephyr.dir/lib/os/sem.c.obj
[20/207] Building C object zephyr/CMakeFiles/zephyr.dir/lib/os/notify.c.obj
[21/207] Building C object zephyr/CMakeFiles/zephyr.dir/lib/os/reboot.c.obj
[22/207] Building C object zephyr/CMakeFiles/zephyr.dir/lib/os/printk.c.obj
[23/207] Building C object zephyr/CMakeFiles/zephyr.dir/subsys/tracing/tracing_none.c.obj
[24/207] Building C object zephyr/CMakeFiles/zephyr.dir/subsys/net/lib/utils/addr_utils.c.obj
[25/207] Building C object zephyr/CMakeFiles/zephyr.dir/lib/os/fdtable.c.obj
[26/207] Building C object zephyr/CMakeFiles/zephyr.dir/Users/makmorit/opt/ncs_2.5.2/modules/crypto/tinycrypt/lib/source/utils.c.obj
[27/207] Building C object zephyr/CMakeFiles/zephyr.dir/soc/arm/nordic_nrf/validate_base_addresses.c.obj
[28/207] Building C object zephyr/CMakeFiles/zephyr.dir/Users/makmorit/opt/ncs_2.5.2/nrf/subsys/partition_manager/flash_map_partition_manager.c.obj
[29/207] Building C object zephyr/CMakeFiles/zephyr.dir/soc/arm/nordic_nrf/validate_enabled_instances.c.obj
[30/207] Generating linker_zephyr_pre0.cmd
[31/207] Building C object zephyr/CMakeFiles/zephyr.dir/Users/makmorit/opt/ncs_2.5.2/modules/crypto/tinycrypt/lib/source/aes_decrypt.c.obj
[32/207] Building C object zephyr/CMakeFiles/zephyr_pre0.dir/misc/empty_file.c.obj
[33/207] Building C object zephyr/CMakeFiles/zephyr.dir/Users/makmorit/opt/ncs_2.5.2/modules/crypto/tinycrypt/lib/source/aes_encrypt.c.obj
[34/207] Building C object zephyr/arch/common/CMakeFiles/isr_tables.dir/isr_tables.c.obj
[35/207] Building C object zephyr/arch/common/CMakeFiles/arch__common.dir/sw_isr_common.c.obj
[36/207] Building C object zephyr/CMakeFiles/zephyr.dir/lib/os/bitarray.c.obj
[37/207] Building ASM object zephyr/arch/arch/arm/core/aarch32/CMakeFiles/arch__arm__core__aarch32.dir/cpu_idle.S.obj
[38/207] Building ASM object zephyr/arch/arch/arm/core/aarch32/CMakeFiles/arch__arm__core__aarch32.dir/nmi_on_reset.S.obj
[39/207] Building C object zephyr/CMakeFiles/zephyr.dir/subsys/ipc/ipc_service/lib/ipc_rpmsg.c.obj
[40/207] Building C object zephyr/CMakeFiles/zephyr.dir/lib/os/heap-validate.c.obj
[41/207] Linking C static library zephyr/arch/common/libisr_tables.a
[42/207] Building C object zephyr/CMakeFiles/zephyr.dir/lib/os/onoff.c.obj
[43/207] Building ASM object zephyr/arch/arch/arm/core/aarch32/CMakeFiles/arch__arm__core__aarch32.dir/swap_helper.S.obj
[44/207] Building C object zephyr/CMakeFiles/zephyr.dir/subsys/ipc/ipc_service/lib/ipc_static_vrings.c.obj
[45/207] Building ASM object zephyr/arch/arch/arm/core/aarch32/CMakeFiles/arch__arm__core__aarch32.dir/isr_wrapper.S.obj
[46/207] Building C object zephyr/CMakeFiles/zephyr.dir/lib/os/heap.c.obj
[47/207] Linking C static library zephyr/arch/common/libarch__common.a
[48/207] Building ASM object zephyr/arch/arch/arm/core/aarch32/cortex_m/CMakeFiles/arch__arm__core__aarch32__cortex_m.dir/exc_exit.S.obj
[49/207] Building ASM object zephyr/arch/arch/arm/core/aarch32/cortex_m/CMakeFiles/arch__arm__core__aarch32__cortex_m.dir/fault_s.S.obj
[50/207] Building C object zephyr/arch/arch/arm/core/aarch32/CMakeFiles/arch__arm__core__aarch32.dir/nmi.c.obj
[51/207] Building C object zephyr/CMakeFiles/zephyr.dir/lib/os/rb.c.obj
[52/207] Building C object zephyr/CMakeFiles/zephyr.dir/lib/os/cbprintf_complete.c.obj
[53/207] Building ASM object zephyr/arch/arch/arm/core/aarch32/cortex_m/CMakeFiles/arch__arm__core__aarch32__cortex_m.dir/reset.S.obj
[54/207] Building C object zephyr/arch/arch/arm/core/aarch32/CMakeFiles/arch__arm__core__aarch32.dir/irq_manage.c.obj
[55/207] Building C object zephyr/arch/arch/arm/core/aarch32/CMakeFiles/arch__arm__core__aarch32.dir/prep_c.c.obj
[56/207] Building ASM object zephyr/arch/arch/arm/core/aarch32/cortex_m/CMakeFiles/arch__arm__core__aarch32__cortex_m.dir/vector_table.S.obj
[57/207] Building ASM object zephyr/arch/arch/arm/core/aarch32/cortex_m/CMakeFiles/arch__arm__core__aarch32__cortex_m.dir/__aeabi_read_tp.S.obj
[58/207] Building C object zephyr/arch/arch/arm/core/aarch32/CMakeFiles/arch__arm__core__aarch32.dir/swap.c.obj
[59/207] Building C object zephyr/CMakeFiles/zephyr.dir/lib/os/cbprintf_packaged.c.obj
[60/207] Building C object zephyr/arch/arch/arm/core/aarch32/cortex_m/CMakeFiles/arch__arm__core__aarch32__cortex_m.dir/irq_init.c.obj
[61/207] Building C object zephyr/arch/arch/arm/core/aarch32/CMakeFiles/arch__arm__core__aarch32.dir/thread.c.obj
[62/207] Building C object zephyr/arch/arch/arm/core/aarch32/cortex_m/CMakeFiles/arch__arm__core__aarch32__cortex_m.dir/fpu.c.obj
[63/207] Building C object zephyr/arch/arch/arm/core/aarch32/CMakeFiles/arch__arm__core__aarch32.dir/Users/makmorit/opt/ncs_2.5.2/zephyr/arch/arm/core/common/tls.c.obj
[64/207] Building C object zephyr/subsys/bluetooth/common/CMakeFiles/subsys__bluetooth__common.dir/addr.c.obj
[65/207] Building C object zephyr/arch/arch/arm/core/aarch32/cortex_m/CMakeFiles/arch__arm__core__aarch32__cortex_m.dir/thread_abort.c.obj
[66/207] Building C object zephyr/arch/arch/arm/core/aarch32/CMakeFiles/arch__arm__core__aarch32.dir/fatal.c.obj
[67/207] Building C object zephyr/arch/arch/arm/core/aarch32/cortex_m/CMakeFiles/arch__arm__core__aarch32__cortex_m.dir/scb.c.obj
[68/207] Building C object zephyr/soc/soc/arm/common/cortex_m/CMakeFiles/soc__arm__common__cortex_m.dir/arm_mpu_regions.c.obj
[69/207] Building C object zephyr/lib/libc/common/CMakeFiles/lib__libc__common.dir/source/stdlib/abort.c.obj
[70/207] Building C object zephyr/CMakeFiles/zephyr.dir/subsys/ipc/ipc_service/backends/ipc_rpmsg_static_vrings.c.obj
[71/207] Building C object zephyr/arch/arch/arm/core/aarch32/mpu/CMakeFiles/arch__arm__core__aarch32__mpu.dir/arm_core_mpu.c.obj
[72/207] Linking C static library zephyr/arch/arch/arm/core/aarch32/libarch__arm__core__aarch32.a
[73/207] Building C object zephyr/arch/arch/arm/core/aarch32/cortex_m/cmse/CMakeFiles/arch__arm__core__aarch32__cortex_m__cmse.dir/arm_core_cmse.c.obj
[74/207] Linking C static library zephyr/soc/soc/arm/common/cortex_m/libsoc__arm__common__cortex_m.a
[75/207] Building C object zephyr/subsys/bluetooth/common/CMakeFiles/subsys__bluetooth__common.dir/dummy.c.obj
[76/207] Building C object zephyr/subsys/random/CMakeFiles/subsys__random.dir/rand32_entropy_device.c.obj
[77/207] Linking C static library zephyr/arch/arch/arm/core/aarch32/cortex_m/cmse/libarch__arm__core__aarch32__cortex_m__cmse.a
[78/207] Building C object zephyr/lib/libc/picolibc/CMakeFiles/lib__libc__picolibc.dir/libc-hooks.c.obj
[79/207] Building C object zephyr/lib/libc/common/CMakeFiles/lib__libc__common.dir/source/stdlib/malloc.c.obj
[80/207] Linking C static library zephyr/subsys/random/libsubsys__random.a
[81/207] Linking C static library zephyr/lib/libc/picolibc/liblib__libc__picolibc.a
[82/207] Building C object zephyr/subsys/bluetooth/common/CMakeFiles/subsys__bluetooth__common.dir/bt_str.c.obj
[83/207] Linking C static library zephyr/lib/libc/common/liblib__libc__common.a
[84/207] Building C object zephyr/subsys/bluetooth/host/CMakeFiles/subsys__bluetooth__host.dir/hci_common.c.obj
[85/207] Building C object zephyr/drivers/pinctrl/CMakeFiles/drivers__pinctrl.dir/common.c.obj
[86/207] Building C object zephyr/drivers/console/CMakeFiles/drivers__console.dir/uart_console.c.obj
[87/207] Building C object zephyr/subsys/bluetooth/common/CMakeFiles/subsys__bluetooth__common.dir/rpa.c.obj
[88/207] Linking C static library zephyr/drivers/console/libdrivers__console.a
[89/207] Building C object CMakeFiles/app.dir/src/main.c.obj
[90/207] Linking C static library zephyr/subsys/bluetooth/common/libsubsys__bluetooth__common.a
[91/207] Building C object zephyr/drivers/entropy/CMakeFiles/drivers__entropy.dir/entropy_nrf5.c.obj
[92/207] Linking C static library app/libapp.a
[93/207] Building C object zephyr/drivers/timer/CMakeFiles/drivers__timer.dir/sys_clock_init.c.obj
[94/207] Building C object zephyr/arch/arch/arm/core/aarch32/mpu/CMakeFiles/arch__arm__core__aarch32__mpu.dir/arm_mpu.c.obj
[95/207] Building C object zephyr/CMakeFiles/zephyr.dir/soc/arm/nordic_nrf/nrf53/soc.c.obj
[96/207] Building C object zephyr/CMakeFiles/zephyr.dir/subsys/ipc/ipc_service/ipc_service.c.obj
[97/207] Linking C static library zephyr/drivers/entropy/libdrivers__entropy.a
[98/207] Linking C static library zephyr/arch/arch/arm/core/aarch32/mpu/libarch__arm__core__aarch32__mpu.a
[99/207] Building C object zephyr/drivers/clock_control/CMakeFiles/drivers__clock_control.dir/clock_control_nrf.c.obj
[100/207] Building C object modules/nrf/lib/multithreading_lock/CMakeFiles/..__nrf__lib__multithreading_lock.dir/multithreading_lock.c.obj
[101/207] Building C object zephyr/subsys/net/CMakeFiles/subsys__net.dir/buf.c.obj
[102/207] Building C object zephyr/drivers/mbox/CMakeFiles/drivers__mbox.dir/mbox_nrfx_ipc.c.obj
[103/207] Linking C static library zephyr/drivers/clock_control/libdrivers__clock_control.a
[104/207] Linking C static library modules/nrf/lib/multithreading_lock/lib..__nrf__lib__multithreading_lock.a
[105/207] Linking C static library zephyr/libzephyr.a
[106/207] Building C object modules/nrf/subsys/mpsl/fem/CMakeFiles/..__nrf__subsys__mpsl__fem.dir/api_init/mpsl_fem_api_init.c.obj
[107/207] Linking C static library zephyr/drivers/mbox/libdrivers__mbox.a
[108/207] Building C object modules/nrf/lib/fatal_error/CMakeFiles/..__nrf__lib__fatal_error.dir/fatal_error.c.obj
[109/207] Building C object modules/hal_nordic/nrfx/CMakeFiles/modules__hal_nordic__nrfx.dir/Users/makmorit/opt/ncs_2.5.2/modules/hal/nordic/nrfx/mdk/system_nrf5340_network.c.obj
[110/207] Building C object zephyr/subsys/net/CMakeFiles/subsys__net.dir/buf_simple.c.obj
[111/207] Linking C static library modules/nrf/subsys/mpsl/fem/lib..__nrf__subsys__mpsl__fem.a
[112/207] Linking C static library modules/nrf/lib/fatal_error/lib..__nrf__lib__fatal_error.a
[113/207] Building C object zephyr/subsys/bluetooth/host/CMakeFiles/subsys__bluetooth__host.dir/hci_raw.c.obj
[114/207] Building C object zephyr/arch/arch/arm/core/aarch32/cortex_m/CMakeFiles/arch__arm__core__aarch32__cortex_m.dir/fault.c.obj
[115/207] Building C object modules/nrf/drivers/mpsl/clock_control/CMakeFiles/..__nrf__drivers__mpsl__clock_control.dir/nrfx_clock_mpsl.c.obj
[116/207] Linking C static library zephyr/subsys/net/libsubsys__net.a
[117/207] Building C object zephyr/drivers/timer/CMakeFiles/drivers__timer.dir/nrf_rtc_timer.c.obj
[118/207] Linking C static library zephyr/subsys/bluetooth/host/libsubsys__bluetooth__host.a
[119/207] Building C object modules/hal_nordic/nrfx/CMakeFiles/modules__hal_nordic__nrfx.dir/Users/makmorit/opt/ncs_2.5.2/modules/hal/nordic/nrfx/helpers/nrfx_flag32_allocator.c.obj
[120/207] Building C object modules/hal_nordic/nrfx/CMakeFiles/modules__hal_nordic__nrfx.dir/nrfx_glue.c.obj
[121/207] Linking C static library modules/nrf/drivers/mpsl/clock_control/lib..__nrf__drivers__mpsl__clock_control.a
[122/207] Linking C static library zephyr/arch/arch/arm/core/aarch32/cortex_m/libarch__arm__core__aarch32__cortex_m.a
[123/207] Building C object modules/nrf/subsys/mpsl/init/CMakeFiles/..__nrf__subsys__mpsl__init.dir/mpsl_init.c.obj
[124/207] Building C object modules/libmetal/libmetal/lib/CMakeFiles/metal.dir/init.c.obj
[125/207] Linking C static library zephyr/drivers/timer/libdrivers__timer.a
[126/207] Building C object modules/libmetal/libmetal/lib/CMakeFiles/metal.dir/log.c.obj
[127/207] Linking C static library modules/nrf/subsys/mpsl/init/lib..__nrf__subsys__mpsl__init.a
[128/207] Building C object modules/hal_nordic/nrfx/CMakeFiles/modules__hal_nordic__nrfx.dir/Users/makmorit/opt/ncs_2.5.2/modules/hal/nordic/nrfx/helpers/nrfx_gppi_dppi.c.obj
[129/207] Building C object modules/nrf/subsys/bluetooth/controller/CMakeFiles/..__nrf__subsys__bluetooth__controller.dir/crypto.c.obj
[130/207] Building C object modules/nrf/subsys/bluetooth/controller/CMakeFiles/..__nrf__subsys__bluetooth__controller.dir/ecdh.c.obj
[131/207] Building C object modules/libmetal/libmetal/lib/CMakeFiles/metal.dir/version.c.obj
[132/207] Building C object modules/hal_nordic/nrfx/CMakeFiles/modules__hal_nordic__nrfx.dir/Users/makmorit/opt/ncs_2.5.2/modules/hal/nordic/nrfx/drivers/src/nrfx_ipc.c.obj
[133/207] Building C object zephyr/drivers/serial/CMakeFiles/drivers__serial.dir/uart_nrfx_uarte.c.obj
[134/207] Building C object modules/libmetal/libmetal/lib/CMakeFiles/metal.dir/dma.c.obj
[135/207] Building C object modules/libmetal/libmetal/lib/CMakeFiles/metal.dir/shmem.c.obj
[136/207] Building C object modules/libmetal/libmetal/lib/CMakeFiles/metal.dir/irq.c.obj
[137/207] Building C object modules/libmetal/libmetal/lib/CMakeFiles/metal.dir/system/zephyr/alloc.c.obj
[138/207] Linking C static library zephyr/drivers/serial/libdrivers__serial.a
[139/207] Building C object modules/open-amp/open-amp/lib/CMakeFiles/open_amp.dir/version.c.obj
[140/207] Building C object modules/nrf/subsys/bluetooth/controller/CMakeFiles/..__nrf__subsys__bluetooth__controller.dir/hci_internal.c.obj
[141/207] Building C object modules/libmetal/libmetal/lib/CMakeFiles/metal.dir/device.c.obj
[142/207] Building C object modules/libmetal/libmetal/lib/CMakeFiles/metal.dir/system/zephyr/device.c.obj
[143/207] Building C object modules/libmetal/libmetal/lib/CMakeFiles/metal.dir/system/zephyr/condition.c.obj
[144/207] Building C object modules/libmetal/libmetal/lib/CMakeFiles/metal.dir/softirq.c.obj
[145/207] Building C object modules/libmetal/libmetal/lib/CMakeFiles/metal.dir/io.c.obj
[146/207] Building C object modules/libmetal/libmetal/lib/CMakeFiles/metal.dir/system/zephyr/init.c.obj
[147/207] Building C object modules/libmetal/libmetal/lib/CMakeFiles/metal.dir/system/zephyr/irq.c.obj
[148/207] Building C object zephyr/drivers/pinctrl/CMakeFiles/drivers__pinctrl.dir/pinctrl_nrf.c.obj
[149/207] Building C object modules/libmetal/libmetal/lib/CMakeFiles/metal.dir/system/zephyr/log.c.obj
[150/207] Building C object modules/hal_nordic/nrfx/CMakeFiles/modules__hal_nordic__nrfx.dir/Users/makmorit/opt/ncs_2.5.2/modules/hal/nordic/nrfx/drivers/src/nrfx_dppi.c.obj
[151/207] Building C object modules/libmetal/libmetal/lib/CMakeFiles/metal.dir/system/zephyr/time.c.obj
[152/207] Building C object modules/libmetal/libmetal/lib/CMakeFiles/metal.dir/system/zephyr/shmem.c.obj
[153/207] Building C object modules/libmetal/libmetal/lib/CMakeFiles/metal.dir/system/zephyr/sys.c.obj
[154/207] Linking C static library zephyr/drivers/pinctrl/libdrivers__pinctrl.a
[155/207] Building C object zephyr/kernel/CMakeFiles/kernel.dir/device.c.obj
[156/207] Building C object zephyr/kernel/CMakeFiles/kernel.dir/main_weak.c.obj
[157/207] Linking C static library modules/libmetal/libmetal/lib/libmetal.a
[158/207] Building C object modules/open-amp/open-amp/lib/CMakeFiles/open_amp.dir/virtio/virtio.c.obj
[159/207] Building C object zephyr/kernel/CMakeFiles/kernel.dir/busy_wait.c.obj
[160/207] Building C object zephyr/kernel/CMakeFiles/kernel.dir/banner.c.obj
[161/207] Building C object zephyr/drivers/gpio/CMakeFiles/drivers__gpio.dir/gpio_nrfx.c.obj
[162/207] Building C object zephyr/kernel/CMakeFiles/kernel.dir/errno.c.obj
[163/207] Building C object zephyr/kernel/CMakeFiles/kernel.dir/version.c.obj
[164/207] Building C object modules/open-amp/open-amp/lib/CMakeFiles/open_amp.dir/remoteproc/rsc_table_parser.c.obj
[165/207] Linking C static library zephyr/drivers/gpio/libdrivers__gpio.a
[166/207] Building C object modules/open-amp/open-amp/lib/CMakeFiles/open_amp.dir/rpmsg/rpmsg.c.obj
[167/207] Building C object zephyr/kernel/CMakeFiles/kernel.dir/idle.c.obj
[168/207] Building C object zephyr/kernel/CMakeFiles/kernel.dir/kheap.c.obj
[169/207] Building C object modules/nrf/subsys/bluetooth/controller/CMakeFiles/..__nrf__subsys__bluetooth__controller.dir/hci_driver.c.obj
[170/207] Building C object modules/open-amp/open-amp/lib/CMakeFiles/open_amp.dir/remoteproc/remoteproc_virtio.c.obj
[171/207] Building C object zephyr/kernel/CMakeFiles/kernel.dir/mem_slab.c.obj
[172/207] Building C object zephyr/kernel/CMakeFiles/kernel.dir/fatal.c.obj
[173/207] Building C object modules/open-amp/open-amp/lib/CMakeFiles/open_amp.dir/virtio/virtqueue.c.obj
[174/207] Building C object zephyr/kernel/CMakeFiles/kernel.dir/init.c.obj
[175/207] Linking C static library modules/nrf/subsys/bluetooth/controller/lib..__nrf__subsys__bluetooth__controller.a
[176/207] Building C object modules/open-amp/open-amp/lib/CMakeFiles/open_amp.dir/remoteproc/elf_loader.c.obj
[177/207] Building C object zephyr/kernel/CMakeFiles/kernel.dir/system_work_q.c.obj
[178/207] Building C object zephyr/kernel/CMakeFiles/kernel.dir/msg_q.c.obj
[179/207] Building C object zephyr/kernel/CMakeFiles/kernel.dir/sem.c.obj
[180/207] Building C object modules/open-amp/open-amp/lib/CMakeFiles/open_amp.dir/rpmsg/rpmsg_virtio.c.obj
[181/207] Building C object zephyr/kernel/CMakeFiles/kernel.dir/mailbox.c.obj
[182/207] Building C object zephyr/kernel/CMakeFiles/kernel.dir/xip.c.obj
[183/207] Building C object zephyr/kernel/CMakeFiles/kernel.dir/stack.c.obj
[184/207] Building C object zephyr/kernel/CMakeFiles/kernel.dir/condvar.c.obj
[185/207] Building C object zephyr/kernel/CMakeFiles/kernel.dir/thread.c.obj
[186/207] Building C object zephyr/kernel/CMakeFiles/kernel.dir/queue.c.obj
[187/207] Building C object zephyr/kernel/CMakeFiles/kernel.dir/dynamic_disabled.c.obj
[188/207] Building C object zephyr/kernel/CMakeFiles/kernel.dir/timer.c.obj
[189/207] Building C object zephyr/kernel/CMakeFiles/kernel.dir/mempool.c.obj
[190/207] Building C object zephyr/kernel/CMakeFiles/kernel.dir/timeout.c.obj
[191/207] Building C object zephyr/kernel/CMakeFiles/kernel.dir/mutex.c.obj
[192/207] Building C object modules/open-amp/open-amp/lib/CMakeFiles/open_amp.dir/remoteproc/remoteproc.c.obj
[193/207] Building C object zephyr/kernel/CMakeFiles/kernel.dir/poll.c.obj
[194/207] Building C object zephyr/kernel/CMakeFiles/kernel.dir/work.c.obj
[195/207] Linking C static library modules/open-amp/open-amp/lib/libopen_amp.a
[196/207] Building C object zephyr/kernel/CMakeFiles/kernel.dir/sched.c.obj
[197/207] Linking C static library zephyr/kernel/libkernel.a
[198/207] Building C object modules/hal_nordic/nrfx/CMakeFiles/modules__hal_nordic__nrfx.dir/Users/makmorit/opt/ncs_2.5.2/modules/hal/nordic/nrfx/drivers/src/nrfx_gpiote.c.obj
[199/207] Linking C static library modules/hal_nordic/nrfx/libmodules__hal_nordic__nrfx.a
[200/207] Linking C executable zephyr/zephyr_pre0.elf
[201/207] Generating linker.cmd
[202/207] Generating isr_tables.c, isrList.bin
[203/207] Building C object zephyr/CMakeFiles/zephyr_final.dir/misc/empty_file.c.obj
[204/207] Building C object zephyr/CMakeFiles/zephyr_final.dir/isr_tables.c.obj
[205/207] Linking C executable zephyr/zephyr.elf
Memory region         Used Size  Region Size  %age Used
           FLASH:      181768 B       256 KB     69.34%
             RAM:       49088 B        64 KB     74.90%
           SRAM1:          0 GB        64 KB      0.00%
        IDT_LIST:          0 GB         2 KB      0.00%
[206/207] Generating zephyr/app.hex
[207/207] Generating zephyr/merged_CPUNET.hex
[259/265] Building C object zephyr/CMakeFiles/zephyr_final.dir/isr_tables.c.obj
[261/265] No install step for 'hci_rpmsg_subimage'
[262/265] Completed 'hci_rpmsg_subimage'
[263/265] Linking C executable zephyr/zephyr.elf
Memory region         Used Size  Region Size  %age Used
           FLASH:      160532 B      1008 KB     15.55%
             RAM:       31712 B       448 KB      6.91%
        IDT_LIST:          0 GB         2 KB      0.00%
[264/265] Generating zephyr/merged.hex
[265/265] Generating zephyr/merged_domains.hex
